<html>
<head>
<title>TestNG:  TestChrome</title>
<link href="../testng.css" rel="stylesheet" type="text/css" />
<link href="../my-testng.css" rel="stylesheet" type="text/css" />

<style type="text/css">
.log { display: none;} 
.stack-trace { display: none;} 
</style>
<script type="text/javascript">
<!--
function flip(e) {
  current = e.style.display;
  if (current == 'block') {
    e.style.display = 'none';
    return 0;
  }
  else {
    e.style.display = 'block';
    return 1;
  }
}

function toggleBox(szDivId, elem, msg1, msg2)
{
  var res = -1;  if (document.getElementById) {
    res = flip(document.getElementById(szDivId));
  }
  else if (document.all) {
    // this is the way old msie versions work
    res = flip(document.all[szDivId]);
  }
  if(elem) {
    if(res == 0) elem.innerHTML = msg1; else elem.innerHTML = msg2;
  }

}

function toggleAllBoxes() {
  if (document.getElementsByTagName) {
    d = document.getElementsByTagName('div');
    for (i = 0; i < d.length; i++) {
      if (d[i].className == 'log') {
        flip(d[i]);
      }
    }
  }
}

// -->
</script>

</head>
<body>
<h2 align='center'>TestChrome</h2><table border='1' align="center">
<tr>
<td>Tests passed/Failed/Skipped:</td><td>11/2/0</td>
</tr><tr>
<td>Started on:</td><td>Wed Dec 21 16:04:50 IST 2022</td>
</tr>
<tr><td>Total time:</td><td>92 seconds (92377 ms)</td>
</tr><tr>
<td>Included groups:</td><td></td>
</tr><tr>
<td>Excluded groups:</td><td></td>
</tr>
</table><p/>
<small><i>(Hover the method name to see the test class name)</i></small><p/>
<table width='100%' border='1' class='invocation-failed'>
<tr><td colspan='4' align='center'><b>FAILED TESTS</b></td></tr>
<tr><td><b>Test method</b></td>
<td width="30%"><b>Exception</b></td>
<td width="10%"><b>Time (seconds)</b></td>
<td><b>Instance</b></td>
</tr>
<tr>
<td title='tests.RegisterPageTest.providingValidRegistrationData()'><b>providingValidRegistrationData</b><br>Test class: tests.RegisterPageTest<br>Parameters: <xml-fragment r="1" spans="1:4" xmlns:r="http://schemas.openxmlformats.org/officeDocument/2006/relationships" xmlns:main="http://schemas.openxmlformats.org/spreadsheetml/2006/main">
  <main:c r="A1" t="s">
    <main:v>0</main:v>
  </main:c>
  <main:c r="B1" s="1" t="s">
    <main:v>4</main:v>
  </main:c>
  <main:c r="C1" t="s">
    <main:v>2</main:v>
  </main:c>
  <main:c r="D1">
    <main:v>123456789</main:v>
  </main:c>
</xml-fragment></td>
<td><div><pre>java.lang.AssertionError: expected [https://accounts.lambdatest.com/email/verify] but found [https://accounts.lambdatest.com/register]
	at tests.RegisterPageTest.providingValidRegistrationData(RegisterPageTest.java:219)
	at java.base/java.util.ArrayList.forEach(ArrayList.java:1541)
	at java.base/java.util.concurrent.FutureTask.run(FutureTask.java:264)
	at java.base/java.util.concurrent.ThreadPoolExecutor.runWorker(ThreadPoolExecutor.java:1128)
	at java.base/java.util.concurrent.ThreadPoolExecutor$Worker.run(ThreadPoolExecutor.java:628)
	at java.base/java.lang.Thread.run(Thread.java:834)
... Removed 24 stack frames</pre></div><a href='#' onClick='toggleBox("stack-trace2056539444", this, "Click to show all stack frames", "Click to hide stack frames")'>Click to show all stack frames</a>
<div class='stack-trace' id='stack-trace2056539444'><pre>java.lang.AssertionError: expected [https://accounts.lambdatest.com/email/verify] but found [https://accounts.lambdatest.com/register]
	at org.testng.Assert.fail(Assert.java:99)
	at org.testng.Assert.failNotEquals(Assert.java:1037)
	at org.testng.Assert.assertEqualsImpl(Assert.java:140)
	at org.testng.Assert.assertEquals(Assert.java:122)
	at org.testng.Assert.assertEquals(Assert.java:629)
	at org.testng.Assert.assertEquals(Assert.java:639)
	at tests.RegisterPageTest.providingValidRegistrationData(RegisterPageTest.java:219)
	at java.base/jdk.internal.reflect.NativeMethodAccessorImpl.invoke0(Native Method)
	at java.base/jdk.internal.reflect.NativeMethodAccessorImpl.invoke(NativeMethodAccessorImpl.java:62)
	at java.base/jdk.internal.reflect.DelegatingMethodAccessorImpl.invoke(DelegatingMethodAccessorImpl.java:43)
	at java.base/java.lang.reflect.Method.invoke(Method.java:566)
	at org.testng.internal.MethodInvocationHelper.invokeMethod(MethodInvocationHelper.java:133)
	at org.testng.internal.TestInvoker.invokeMethod(TestInvoker.java:598)
	at org.testng.internal.TestInvoker.invokeTestMethod(TestInvoker.java:173)
	at org.testng.internal.MethodRunner.runInSequence(MethodRunner.java:46)
	at org.testng.internal.TestInvoker$MethodInvocationAgent.invoke(TestInvoker.java:824)
	at org.testng.internal.TestInvoker.invokeTestMethods(TestInvoker.java:146)
	at org.testng.internal.TestMethodWorker.invokeTestMethods(TestMethodWorker.java:146)
	at org.testng.internal.TestMethodWorker.run(TestMethodWorker.java:128)
	at java.base/java.util.ArrayList.forEach(ArrayList.java:1541)
	at org.testng.TestRunner.privateRun(TestRunner.java:794)
	at org.testng.TestRunner.run(TestRunner.java:596)
	at org.testng.SuiteRunner.runTest(SuiteRunner.java:377)
	at org.testng.SuiteRunner.access$000(SuiteRunner.java:28)
	at org.testng.SuiteRunner$SuiteWorker.run(SuiteRunner.java:418)
	at org.testng.internal.thread.ThreadUtil.lambda$execute$0(ThreadUtil.java:64)
	at java.base/java.util.concurrent.FutureTask.run(FutureTask.java:264)
	at java.base/java.util.concurrent.ThreadPoolExecutor.runWorker(ThreadPoolExecutor.java:1128)
	at java.base/java.util.concurrent.ThreadPoolExecutor$Worker.run(ThreadPoolExecutor.java:628)
	at java.base/java.lang.Thread.run(Thread.java:834)
</pre></div></td>
<td>1</td>
<td>tests.RegisterPageTest@6f10d5b6</td></tr>
<tr>
<td title='tests.RegisterPageTest.testFunctionalFieldCompnyName()'><b>testFunctionalFieldCompnyName</b><br>Test class: tests.RegisterPageTest</td>
<td><div><pre>java.lang.AssertionError: expected [true] but found [false]
	at tests.RegisterPageTest.testFunctionalFieldCompnyName(RegisterPageTest.java:60)
	at java.base/java.util.ArrayList.forEach(ArrayList.java:1541)
	at java.base/java.util.concurrent.FutureTask.run(FutureTask.java:264)
	at java.base/java.util.concurrent.ThreadPoolExecutor.runWorker(ThreadPoolExecutor.java:1128)
	at java.base/java.util.concurrent.ThreadPoolExecutor$Worker.run(ThreadPoolExecutor.java:628)
	at java.base/java.lang.Thread.run(Thread.java:834)
... Removed 22 stack frames</pre></div><a href='#' onClick='toggleBox("stack-trace851514149", this, "Click to show all stack frames", "Click to hide stack frames")'>Click to show all stack frames</a>
<div class='stack-trace' id='stack-trace851514149'><pre>java.lang.AssertionError: expected [true] but found [false]
	at org.testng.Assert.fail(Assert.java:99)
	at org.testng.Assert.failNotEquals(Assert.java:1037)
	at org.testng.Assert.assertTrue(Assert.java:45)
	at org.testng.Assert.assertTrue(Assert.java:55)
	at tests.RegisterPageTest.testFunctionalFieldCompnyName(RegisterPageTest.java:60)
	at java.base/jdk.internal.reflect.NativeMethodAccessorImpl.invoke0(Native Method)
	at java.base/jdk.internal.reflect.NativeMethodAccessorImpl.invoke(NativeMethodAccessorImpl.java:62)
	at java.base/jdk.internal.reflect.DelegatingMethodAccessorImpl.invoke(DelegatingMethodAccessorImpl.java:43)
	at java.base/java.lang.reflect.Method.invoke(Method.java:566)
	at org.testng.internal.MethodInvocationHelper.invokeMethod(MethodInvocationHelper.java:133)
	at org.testng.internal.TestInvoker.invokeMethod(TestInvoker.java:598)
	at org.testng.internal.TestInvoker.invokeTestMethod(TestInvoker.java:173)
	at org.testng.internal.MethodRunner.runInSequence(MethodRunner.java:46)
	at org.testng.internal.TestInvoker$MethodInvocationAgent.invoke(TestInvoker.java:824)
	at org.testng.internal.TestInvoker.invokeTestMethods(TestInvoker.java:146)
	at org.testng.internal.TestMethodWorker.invokeTestMethods(TestMethodWorker.java:146)
	at org.testng.internal.TestMethodWorker.run(TestMethodWorker.java:128)
	at java.base/java.util.ArrayList.forEach(ArrayList.java:1541)
	at org.testng.TestRunner.privateRun(TestRunner.java:794)
	at org.testng.TestRunner.run(TestRunner.java:596)
	at org.testng.SuiteRunner.runTest(SuiteRunner.java:377)
	at org.testng.SuiteRunner.access$000(SuiteRunner.java:28)
	at org.testng.SuiteRunner$SuiteWorker.run(SuiteRunner.java:418)
	at org.testng.internal.thread.ThreadUtil.lambda$execute$0(ThreadUtil.java:64)
	at java.base/java.util.concurrent.FutureTask.run(FutureTask.java:264)
	at java.base/java.util.concurrent.ThreadPoolExecutor.runWorker(ThreadPoolExecutor.java:1128)
	at java.base/java.util.concurrent.ThreadPoolExecutor$Worker.run(ThreadPoolExecutor.java:628)
	at java.base/java.lang.Thread.run(Thread.java:834)
</pre></div></td>
<td>0</td>
<td>tests.RegisterPageTest@6f10d5b6</td></tr>
</table><p>
<table width='100%' border='1' class='invocation-passed'>
<tr><td colspan='4' align='center'><b>PASSED TESTS</b></td></tr>
<tr><td><b>Test method</b></td>
<td width="30%"><b>Exception</b></td>
<td width="10%"><b>Time (seconds)</b></td>
<td><b>Instance</b></td>
</tr>
<tr>
<td title='tests.RegisterPageTest.testFunctionalFieldTermsAndPrivacyPolicy()'><b>testFunctionalFieldTermsAndPrivacyPolicy</b><br>Test class: tests.RegisterPageTest</td>
<td></td>
<td>2</td>
<td>tests.RegisterPageTest@6f10d5b6</td></tr>
<tr>
<td title='tests.RegisterPageTest.providingblankEmail()'><b>providingblankEmail</b><br>Test class: tests.RegisterPageTest<br>Parameters: <xml-fragment r="1" spans="1:4" xmlns:r="http://schemas.openxmlformats.org/officeDocument/2006/relationships" xmlns:main="http://schemas.openxmlformats.org/spreadsheetml/2006/main">
  <main:c r="A1" t="s">
    <main:v>0</main:v>
  </main:c>
  <main:c r="B1" s="1" t="s">
    <main:v>5</main:v>
  </main:c>
  <main:c r="C1" t="s">
    <main:v>2</main:v>
  </main:c>
  <main:c r="D1">
    <main:v>123456789</main:v>
  </main:c>
</xml-fragment></td>
<td></td>
<td>2</td>
<td>tests.RegisterPageTest@6f10d5b6</td></tr>
<tr>
<td title='tests.RegisterPageTest.providingBlankPhoneNumber()'><b>providingBlankPhoneNumber</b><br>Test class: tests.RegisterPageTest<br>Parameters: <xml-fragment r="1" spans="1:4" xmlns:r="http://schemas.openxmlformats.org/officeDocument/2006/relationships" xmlns:main="http://schemas.openxmlformats.org/spreadsheetml/2006/main">
  <main:c r="A1" t="s">
    <main:v>0</main:v>
  </main:c>
  <main:c r="B1" s="1" t="s">
    <main:v>1</main:v>
  </main:c>
  <main:c r="C1" t="s">
    <main:v>2</main:v>
  </main:c>
  <main:c r="D1" t="s">
    <main:v>5</main:v>
  </main:c>
</xml-fragment></td>
<td></td>
<td>0</td>
<td>tests.RegisterPageTest@6f10d5b6</td></tr>
<tr>
<td title='tests.RegisterPageTest.testFunctionalFieldDesiredPassword()'><b>testFunctionalFieldDesiredPassword</b><br>Test class: tests.RegisterPageTest</td>
<td></td>
<td>2</td>
<td>tests.RegisterPageTest@6f10d5b6</td></tr>
<tr>
<td title='tests.RegisterPageTest.providingShortPassword()'><b>providingShortPassword</b><br>Test class: tests.RegisterPageTest<br>Parameters: <xml-fragment r="1" spans="1:4" xmlns:r="http://schemas.openxmlformats.org/officeDocument/2006/relationships" xmlns:main="http://schemas.openxmlformats.org/spreadsheetml/2006/main">
  <main:c r="A1" t="s">
    <main:v>0</main:v>
  </main:c>
  <main:c r="B1" s="1" t="s">
    <main:v>1</main:v>
  </main:c>
  <main:c r="C1" t="s">
    <main:v>6</main:v>
  </main:c>
  <main:c r="D1">
    <main:v>123456789</main:v>
  </main:c>
</xml-fragment></td>
<td></td>
<td>1</td>
<td>tests.RegisterPageTest@6f10d5b6</td></tr>
<tr>
<td title='tests.RegisterPageTest.testFunctionalFieldPhoneNumber()'><b>testFunctionalFieldPhoneNumber</b><br>Test class: tests.RegisterPageTest</td>
<td></td>
<td>2</td>
<td>tests.RegisterPageTest@6f10d5b6</td></tr>
<tr>
<td title='tests.RegisterPageTest.providingblankUserName()'><b>providingblankUserName</b><br>Test class: tests.RegisterPageTest<br>Parameters: <xml-fragment r="1" spans="1:4" xmlns:r="http://schemas.openxmlformats.org/officeDocument/2006/relationships" xmlns:main="http://schemas.openxmlformats.org/spreadsheetml/2006/main">
  <main:c r="A1" t="s">
    <main:v>3</main:v>
  </main:c>
  <main:c r="B1" s="1" t="s">
    <main:v>1</main:v>
  </main:c>
  <main:c r="C1" t="s">
    <main:v>2</main:v>
  </main:c>
  <main:c r="D1">
    <main:v>123456789</main:v>
  </main:c>
</xml-fragment></td>
<td></td>
<td>3</td>
<td>tests.RegisterPageTest@6f10d5b6</td></tr>
<tr>
<td title='tests.RegisterPageTest.testFunctionalFieldFullName()'><b>testFunctionalFieldFullName</b><br>Test class: tests.RegisterPageTest</td>
<td></td>
<td>2</td>
<td>tests.RegisterPageTest@6f10d5b6</td></tr>
<tr>
<td title='tests.RegisterPageTest.testFunctionalFieldEmailId()'><b>testFunctionalFieldEmailId</b><br>Test class: tests.RegisterPageTest</td>
<td></td>
<td>2</td>
<td>tests.RegisterPageTest@6f10d5b6</td></tr>
<tr>
<td title='tests.RegisterPageTest.testFunctionalFieldFreeSignUp()'><b>testFunctionalFieldFreeSignUp</b><br>Test class: tests.RegisterPageTest</td>
<td></td>
<td>2</td>
<td>tests.RegisterPageTest@6f10d5b6</td></tr>
<tr>
<td title='tests.RegisterPageTest.withoutAcceptingTerms()'><b>withoutAcceptingTerms</b><br>Test class: tests.RegisterPageTest<br>Parameters: <xml-fragment r="1" spans="1:4" xmlns:r="http://schemas.openxmlformats.org/officeDocument/2006/relationships" xmlns:main="http://schemas.openxmlformats.org/spreadsheetml/2006/main">
  <main:c r="A1" t="s">
    <main:v>0</main:v>
  </main:c>
  <main:c r="B1" s="1" t="s">
    <main:v>4</main:v>
  </main:c>
  <main:c r="C1" t="s">
    <main:v>2</main:v>
  </main:c>
  <main:c r="D1">
    <main:v>123456789</main:v>
  </main:c>
</xml-fragment></td>
<td></td>
<td>1</td>
<td>tests.RegisterPageTest@6f10d5b6</td></tr>
</table><p>
</body>
</html>